<?xml version="1.0" encoding="UTF-8"?>
<!-- Generated by org.testng.reporters.JUnitReportReporter -->
<testsuite hostname="DESKTOP-5116VPI" failures="0" tests="5" name="AlterShop.Runner.SearchRunner" time="119.816" errors="0" timestamp="2024-08-05T06:58:12 IST" skipped="0">
  <testcase classname="AlterShop.Runner.SearchRunner" name="runScenario" time="22.096"/>
  <testcase classname="AlterShop.Runner.SearchRunner" name="runScenario" time="30.682"/>
  <testcase classname="AlterShop.Runner.SearchRunner" name="runScenario" time="24.230"/>
  <testcase classname="AlterShop.Runner.SearchRunner" name="runScenario" time="20.664"/>
  <testcase classname="AlterShop.Runner.SearchRunner" name="runScenario" time="22.144"/>
</testsuite> <!-- AlterShop.Runner.SearchRunner -->
