<?xml version="1.0" encoding="UTF-8"?>
<!-- Generated by org.testng.reporters.JUnitReportReporter -->
<testsuite hostname="DESKTOP-5116VPI" failures="0" tests="1" name="AlterShop.Runner.ProfileRunner" time="29.536" errors="0" timestamp="2024-08-05T06:58:12 IST" skipped="0">
  <testcase classname="AlterShop.Runner.ProfileRunner" name="runScenario" time="29.536"/>
</testsuite> <!-- AlterShop.Runner.ProfileRunner -->
