<?xml version="1.0" encoding="UTF-8"?>
<!-- Generated by org.testng.reporters.JUnitReportReporter -->
<testsuite hostname="DESKTOP-5116VPI" failures="0" tests="2" name="AlterShop.Runner.AssetsRunner" time="29.193" errors="0" timestamp="2024-08-05T06:58:12 IST" skipped="0">
  <testcase classname="AlterShop.Runner.AssetsRunner" name="runScenario" time="11.458"/>
  <testcase classname="AlterShop.Runner.AssetsRunner" name="runScenario" time="17.735"/>
</testsuite> <!-- AlterShop.Runner.AssetsRunner -->
